[02-Jan-2019 23:29:33 UTC] PHP Fatal error:  Uncaught exception 'PDOException' with message 'SQLSTATE[42S22]: Column not found: 1054 Unknown column 'Shuyan' in 'where clause'' in /home/ubuntu/workspace/myownrepository/lab/lab7/loginProcess.php:11
Stack trace:
#0 /home/ubuntu/workspace/myownrepository/lab/lab7/loginProcess.php(11): PDOStatement->execute()
#1 {main}
  thrown in /home/ubuntu/workspace/myownrepository/lab/lab7/loginProcess.php on line 11
[03-Jan-2019 01:06:13 UTC] PHP Fatal error:  Call to undefined function arrary() in /home/ubuntu/workspace/myownrepository/lab/lab7/loginProcess.php on line 13
[03-Jan-2019 01:06:13 UTC] PHP Stack trace:
[03-Jan-2019 01:06:13 UTC] PHP   1. {main}() /home/ubuntu/workspace/myownrepository/lab/lab7/loginProcess.php:0
[03-Jan-2019 07:13:06 UTC] PHP Warning:  include( functions.php): failed to open stream: No such file or directory in /home/ubuntu/workspace/myownrepository/lab/lab7/admin.php on line 2
[03-Jan-2019 07:13:06 UTC] PHP Stack trace:
[03-Jan-2019 07:13:06 UTC] PHP   1. {main}() /home/ubuntu/workspace/myownrepository/lab/lab7/admin.php:0
[03-Jan-2019 07:13:06 UTC] PHP Warning:  include(): Failed opening ' functions.php' for inclusion (include_path='.:/usr/share/php:/usr/share/pear') in /home/ubuntu/workspace/myownrepository/lab/lab7/admin.php on line 2
[03-Jan-2019 07:13:06 UTC] PHP Stack trace:
[03-Jan-2019 07:13:06 UTC] PHP   1. {main}() /home/ubuntu/workspace/myownrepository/lab/lab7/admin.php:0
[03-Jan-2019 07:13:06 UTC] PHP Fatal error:  Call to undefined function displayAllProducts() in /home/ubuntu/workspace/myownrepository/lab/lab7/admin.php on line 12
[03-Jan-2019 07:13:06 UTC] PHP Stack trace:
[03-Jan-2019 07:13:06 UTC] PHP   1. {main}() /home/ubuntu/workspace/myownrepository/lab/lab7/admin.php:0
[03-Jan-2019 07:13:49 UTC] PHP Fatal error:  Call to a member function prepare() on a non-object in /home/ubuntu/workspace/myownrepository/lab/lab7/functions.php on line 8
[03-Jan-2019 07:13:49 UTC] PHP Stack trace:
[03-Jan-2019 07:13:49 UTC] PHP   1. {main}() /home/ubuntu/workspace/myownrepository/lab/lab7/admin.php:0
[03-Jan-2019 07:13:49 UTC] PHP   2. displayAllProducts() /home/ubuntu/workspace/myownrepository/lab/lab7/admin.php:12
